This is pdfTeX, Version 3.1415926-1.40.10 (TeX Live 2009/Debian) (format=latex 2012.6.18)  24 AUG 2012 15:03
entering extended mode
 %&-line parsing enabled.
**sample.tex
(./sample.tex
LaTeX2e <2009/09/24>
Babel <v3.8l> and hyphenation patterns for english, usenglishmax, dumylang, noh
yphenation, loaded.
(/usr/share/texmf-texlive/tex/latex/base/article.cls
Document Class: article 2007/10/19 v1.4h Standard LaTeX document class
(/usr/share/texmf-texlive/tex/latex/base/size10.clo
File: size10.clo 2007/10/19 v1.4h Standard LaTeX file (size option)
)
\c@part=\count79
\c@section=\count80
\c@subsection=\count81
\c@subsubsection=\count82
\c@paragraph=\count83
\c@subparagraph=\count84
\c@figure=\count85
\c@table=\count86
\abovecaptionskip=\skip41
\belowcaptionskip=\skip42
\bibindent=\dimen102
) (./gloss.sty
Package: gloss 2002/07/26 1.5.2 Gloss package
\glosshang=\skip43
)
\glsf@default=\write3
\openout3 = `sample.gls.aux'.

Package gloss Info: Writing gloss file sample.gls.aux on input line 24.
\glsf@symb=\write4
\openout4 = `sample.sym.aux'.

Package gloss Info: Writing gloss file sample.sym.aux on input line 25.

(./sample.aux)
\openout1 = `sample.aux'.

LaTeX Font Info:    Checking defaults for OML/cmm/m/it on input line 43.
LaTeX Font Info:    ... okay on input line 43.
LaTeX Font Info:    Checking defaults for T1/cmr/m/n on input line 43.
LaTeX Font Info:    ... okay on input line 43.
LaTeX Font Info:    Checking defaults for OT1/cmr/m/n on input line 43.
LaTeX Font Info:    ... okay on input line 43.
LaTeX Font Info:    Checking defaults for OMS/cmsy/m/n on input line 43.
LaTeX Font Info:    ... okay on input line 43.
LaTeX Font Info:    Checking defaults for OMX/cmex/m/n on input line 43.
LaTeX Font Info:    ... okay on input line 43.
LaTeX Font Info:    Checking defaults for U/cmr/m/n on input line 43.
LaTeX Font Info:    ... okay on input line 43.
LaTeX Font Info:    External font `cmex10' loaded for size
(Font)              <12> on input line 44.
LaTeX Font Info:    External font `cmex10' loaded for size
(Font)              <8> on input line 44.
LaTeX Font Info:    External font `cmex10' loaded for size
(Font)              <6> on input line 44.


Package gloss Warning: Term `ASCII' on page 1 not defined in glossary `default'
 on input line 54.


Package gloss Warning: Term `ene' on page 1 not defined in glossary `default' o
n input line 54.


Package gloss Warning: Term `bit' on page 1 not defined in glossary `default' o
n input line 57.


Package gloss Warning: Term `bit' on page 1 not defined in glossary `default' o
n input line 57.


Package gloss Warning: Term `egne' on page 1 not defined in glossary `default' 
on input line 64.


Package gloss Warning: Term `zeta' on page 1 not defined in glossary `default' 
on input line 66.


Package gloss Warning: Term `ene' on page 1 not defined in glossary `default' o
n input line 67.


Package gloss Warning: Term `bibtex8' on page 1 not defined in glossary `defaul
t' on input line 74.


Package gloss Warning: Term `bit' on page 1 not defined in glossary `default' o
n input line 76.


Package gloss Warning: Term `gnu' on page 1 not defined in glossary `default' o
n input line 77.


Package gloss Warning: Term `a' on page 1 not defined in glossary `default' on 
input line 77.


Package gloss Warning: Term `pi' on page 1 not defined in glossary `default' on
 input line 77.


Package gloss Warning: Term `alfa' on page 1 not defined in glossary `default' 
on input line 77.


Package gloss Warning: Term `exclam' on page 1 not defined in glossary `default
' on input line 77.


Package gloss Warning: Term `interr' on page 1 not defined in glossary `default
' on input line 77.


Package gloss Warning: Term `nuname' on page 1 not defined in glossary `default
' on input line 77.

LaTeX Font Info:    External font `cmex10' loaded for size
(Font)              <7> on input line 81.
LaTeX Font Info:    External font `cmex10' loaded for size
(Font)              <5> on input line 81.

Package gloss Warning: Term `mfp' on page 1 not defined in glossary `symb' on i
nput line 81.


Package gloss Warning: Term `mfp' on page 1 not defined in glossary `symb' on i
nput line 85.


Package gloss Warning: Term `scatT' on page 1 not defined in glossary `symb' on
 input line 85.


Package gloss Warning: Term `n' on page 1 not defined in glossary `symb' on inp
ut line 85.


Package gloss Warning: Term `scatT' on page 1 not defined in glossary `symb' on
 input line 88.


Package gloss Warning: Term `n' on page 1 not defined in glossary `symb' on inp
ut line 89.


Package gloss Warning: Term `mfp' on page 1 not defined in glossary `symb' on i
nput line 90.


Package gloss Warning: Term `mfp' on page 1 not defined in glossary `symb' on i
nput line 92.


Package gloss Warning: Term `L_char' on page 1 not defined in glossary `symb' o
n input line 92.


Package gloss Warning: Term `L_char' on page 1 not defined in glossary `symb' o
n input line 94.


Package gloss Warning: Term `L_char' on page 1 not defined in glossary `symb' o
n input line 99.

No file sample.gls.bbl
(./sample.sym.bbl [1

]) [2] (./sample.aux)

LaTeX Warning: There were undefined references.

 ) 
Here is how much of TeX's memory you used:
 435 strings out of 495062
 4776 string characters out of 1182644
 52658 words of memory out of 3000000
 3671 multiletter control sequences out of 15000+50000
 10332 words of font info for 36 fonts, out of 3000000 for 9000
 28 hyphenation exceptions out of 8191
 23i,7n,27p,137b,197s stack positions out of 5000i,500n,10000p,200000b,50000s

Output written on sample.dvi (2 pages, 4696 bytes).
